# packages in environment at /usr/local/src/python/anaconda3/envs/py27:
#
alabaster                 0.7.6                    py27_0    defaults
amqp                      1.4.4                    py27_0    auto
anaconda-client           1.0.2                    py27_0    defaults
anyjson                   0.3.3                    py27_0    auto
apptools                  4.2.1                    py27_0    defaults
astroid                   1.3.4                    py27_0    defaults
babel                     2.1.1                    py27_0    defaults
backports.ssl-match-hostname 3.4.0.2                   <pip>
basemap                   1.0.7                np19py27_0    defaults
billiard                  3.3.0.16                 py27_0    auto
cairo                     1.12.18                       5    defaults
celery                    3.1.9                    py27_0    auto
certifi                   14.05.14                 py27_0    defaults
clyent                    0.4.0                    py27_0    defaults
configobj                 5.0.6                    py27_0    defaults
coverage                  4.0                      py27_0    defaults
curl                      7.43.0                        1    defaults
decorator                 4.0.6                    py27_0    defaults
django                    1.8.4                    py27_0    defaults
docutils                  0.12                     py27_0    defaults
envisage                  4.4.0                    py27_1    defaults
et-xmlfile                1.0.1                     <pip>
et_xmlfile                1.0.1                    py27_0    defaults
flake8                    2.3.0                    py27_0    defaults
fontconfig                2.11.1                        5    defaults
freetype                  2.5.5                         0    defaults
funcsigs                  0.4                      py27_0    defaults
functools32               3.2.3.post2               <pip>
future                    0.15.2                   py27_0    defaults
futures                   3.0.3                    py27_0    defaults
gdal                      1.10.1               np18py27_2    defaults
geos                      3.3.3                         0    defaults
h5py                      2.5.0                np19py27_3    defaults
hdf5                      1.8.15.1                      1    defaults
ipykernel                 4.1.1                    py27_0    defaults
ipython                   4.0.1                    py27_0    defaults
ipython-genutils          0.1.0                     <pip>
ipython-notebook          4.0.4                    py27_0    defaults
ipython_genutils          0.1.0                    py27_0    defaults
ipywidgets                4.0.3                    py27_0    defaults
jasper                    1.900.1                       4    PinguCarsti
jdcal                     1.2                      py27_0    defaults
jedi                      0.9.0                    py27_0    defaults
jinja2                    2.8                      py27_0    defaults
jpeg                      8d                            0    <unknown>
jsonschema                2.4.0                    py27_0    defaults
jupyter                   1.0.0                    py27_0    defaults
jupyter-client            4.1.1                     <pip>
jupyter-console           4.0.2                     <pip>
jupyter-core              4.0.6                     <pip>
jupyter_client            4.1.1                    py27_0    defaults
jupyter_console           4.0.2                    py27_0    defaults
jupyter_core              4.0.6                    py27_0    defaults
kombu                     3.0.14                   py27_0    auto
krb5                      1.13.2                        0    defaults
libgdal                   1.11.2                        2    defaults
libgfortran               1.0                           0    defaults
libnetcdf                 4.3.3.1                       1    defaults
libpng                    1.6.17                        0    defaults
librabbitmq               1.6.1                    py27_0    kalefranz
libsodium                 1.0.3                         0    defaults
libtiff                   4.0.2                         1    <unknown>
libxml2                   2.9.2                         0    defaults
libxslt                   1.1.28                        0    <unknown>
logilab-common            0.63.2                   py27_0    defaults
lxml                      3.5.0                    py27_0    defaults
markupsafe                0.23                     py27_0    defaults
matplotlib                1.4.3                np19py27_2    defaults
mayavi                    4.4.0                np19py27_0    defaults
mccabe                    0.3                      py27_1    defaults
mistune                   0.7.1                    py27_0    defaults
mock                      1.3.0                    py27_0    defaults
nbconvert                 4.1.0                    py27_0    defaults
nbformat                  4.0.1                    py27_0    defaults
ncurses                   5.9                           5    kalefranz
nose                      1.3.7                    py27_0    defaults
notebook                  4.0.5                    py27_0    defaults
numexpr                   2.4.4                np19py27_0    defaults
numpy                     1.9.3                    py27_0    defaults
obspy                     0.10.2               np19py27_0    obspy
openblas                  0.2.14                        3    defaults
openpyxl                  1.8.5                    py27_0    defaults
openssl                   1.0.2d                        0    defaults
pandas                    0.16.2               np19py27_0    defaults
path.py                   8.1.2                    py27_1    defaults
pbr                       1.3.0                    py27_0    defaults
pep8                      1.6.2                    py27_0    defaults
pexpect                   3.3                      py27_0    defaults
pickleshare               0.5                      py27_0    defaults
pillow                    2.9.0                    py27_0    defaults
pip                       7.1.2                    py27_0    defaults
pixman                    0.26.2                        0    defaults
prettytable               0.7.2                     <pip>
proj.4                    4.9.1                         0    defaults
proj4                     4.8.0                         4    PinguCarsti
psutil                    3.3.0                    py27_0    defaults
psycopg2                  2.6.1                    py27_0    defaults
ptyprocess                0.4                      py27_0    defaults
py-amqp                   1.4.6                    py27_0    kalefranz
py2cairo                  1.10.0                   py27_2    defaults
pyface                    4.4.0                    py27_0    defaults
pyflakes                  1.0.0                    py27_0    defaults
pygments                  2.0.2                    py27_0    defaults
pylint                    1.4.2                    py27_0    defaults
pyparsing                 2.0.3                    py27_0    defaults
pyproj                    1.9.4                    py27_1    defaults
pyqt                      4.11.4                   py27_1    defaults
pyshp                     1.2.0                    py27_0    auto
pytables                  3.2.2                np19py27_0    defaults
python                    2.7.11                        0    defaults
python-dateutil           2.4.2                    py27_0    defaults
pytz                      2015.7                   py27_0    defaults
pyyaml                    3.11                     py27_1    defaults
pyzmq                     15.1.0                   py27_0    defaults
qt                        4.8.7                         1    defaults
qtconsole                 4.1.1                    py27_0    defaults
rabbitmq-c                0.5.2                         0    kalefranz
readline                  6.2                           2    <unknown>
requests                  2.7.0                    py27_0    defaults
rope                      0.9.4                    py27_1    defaults
scipy                     0.16.0               np19py27_1    defaults
seaborn                   0.6.0                np19py27_0    defaults
setuptools                19.1.1                   py27_0    defaults
shapely                   1.5.11                   py27_0    defaults
simplegeneric             0.8.1                    py27_0    defaults
sip                       4.16.9                   py27_0    defaults
six                       1.10.0                   py27_0    defaults
snowballstemmer           1.2.0                    py27_0    defaults
sphinx                    1.3.1                    py27_0    defaults
sphinx-rtd-theme          0.1.7                     <pip>
sphinx_rtd_theme          0.1.7                    py27_0    defaults
spyder                    2.3.8                    py27_0    defaults
sqlalchemy                1.0.9                    py27_0    defaults
sqlite                    3.8.4.1                       1    http://repo.continuum.io/pkgs/free/linux-64/sqlite-3.8.4.1-1.tar.bz2
ssl_match_hostname        3.4.0.2                  py27_0    defaults
tables                    3.2.2                     <pip>
terminado                 0.5                      py27_0    defaults
tk                        8.5.18                        0    http://repo.continuum.io/pkgs/free/linux-64/tk-8.5.18-0.tar.bz2
tornado                   4.2.1                    py27_0    defaults
traitlets                 4.0.0                    py27_0    defaults
traits                    4.4.0                    py27_0    defaults
traitsui                  4.4.0                    py27_0    defaults
udunits                   2.2.17                        4    PinguCarsti
vtk                       5.10.1                   py27_1    defaults
wheel                     0.26.0                   py27_1    defaults
xerces-c                  3.1.1                         0    PinguCarsti
xlrd                      0.9.4                    py27_0    defaults
xlsxwriter                0.7.7                    py27_0    defaults
xlwt                      1.0.0                    py27_0    defaults
yaml                      0.1.6                         0    defaults
zeromq                    4.1.3                         0    defaults
zlib                      1.2.8                         0    http://repo.continuum.io/pkgs/free/linux-64/zlib-1.2.8-0.tar.bz2
