alabaster==0.7.6
amqp==1.4.8
anaconda-client==1.0.2
anyjson==0.3.3
apptools==4.2.1
astroid==1.3.4
Babel==2.1.1
backports.ssl-match-hostname==3.4.0.2
basemap==1.0.7
billiard==3.3.0.16
celery==3.1.9
certifi==14.5.14
clyent==0.4.0
configobj==5.0.6
coverage==4.0
decorator==4.0.6
Django==1.8.4
docutils==0.12
envisage==4.4.0
et-xmlfile==1.0.1
flake8==2.3.0
funcsigs==0.4
functools32==3.2.3.post2
future==0.15.2
futures==3.0.3
GDAL==1.10.1
h5py==2.5.0
ipykernel==4.1.1
ipython==4.0.1
ipython-genutils==0.1.0
ipywidgets==4.0.3
jdcal==1.2
jedi==0.9.0
Jinja2==2.8
jsonschema==2.5.1
jupyter==1.0.0
jupyter-client==4.1.1
jupyter-console==4.0.2
jupyter-core==4.0.6
kombu==3.0.32
librabbitmq==1.6.1
logilab-common==0.63.2
lxml==3.5.0
MarkupSafe==0.23
matplotlib==1.4.3
mayavi==4.4.0
mccabe==0.3
mistune==0.7.1
mock==1.3.0
nbconvert==4.1.0
nbformat==4.0.1
nose==1.3.7
notebook==4.0.5
numexpr==2.4.4
numpy==1.9.3
obspy==0.10.2
openpyxl==1.8.5
pandas==0.16.2
path.py==0.0.0
pbr==1.3.0
pep8==1.6.2
pexpect==3.3
pickleshare==0.5
Pillow==2.9.0
prettytable==0.7.2
psutil==3.3.0
psycopg2==2.6.1
ptyprocess==0.4
pyface==4.4.0
pyflakes==1.0.0
Pygments==2.0.2
pylint==1.4.2
pyparsing==2.0.3
pyproj==1.9.4
pyshp==1.2.0
python-dateutil==2.4.2
pytz==2015.7
PyYAML==3.11
pyzmq==15.1.0
qtconsole==4.1.1
requests==2.7.0
rope==0.9.4
scipy==0.16.0
seaborn==0.6.0
Shapely==1.5.11
simplegeneric==0.8.1
six==1.10.0
snowballstemmer==1.2.0
Sphinx==1.3.1
sphinx-rtd-theme==0.1.7
spyder==2.3.8
SQLAlchemy==1.0.9
tables==3.2.2
terminado==0.5
tornado==4.2.1
traitlets==4.0.0
traits==4.4.0
traitsui==4.4.0
VTK==5.10.1
wheel==0.26.0
xlrd==0.9.4
XlsxWriter==0.7.7
xlwt==1.0.0
