[2016-03-02 05:53:29,515 #175 INFO] Reading the site collection
[2016-03-02 05:53:29,537 #175 INFO] Parsed 2 sources from /home/nick/Desktop/Individual Study/Jobs/guwahati_collapsed/guwahati_areal_collapsed.xml
[2016-03-02 05:53:29,708 #175 INFO] Read source model 1/1 with 16 gsim realization(s)
[2016-03-02 05:53:29,726 #175 INFO] Expected output size=[ 912.]
[2016-03-02 05:53:29,734 #175 INFO] Total weight of the sources=[ 1019.925]
[2016-03-02 05:53:29,746 #175 INFO] Instantiated SourceManager with maxweight=64.0
[2016-03-02 05:53:29,753 #175 INFO] splitting <AreaSource z119> of weight 464.0
[2016-03-02 05:53:29,852 #175 INFO] splitting <AreaSource z912> of weight 555.925
[2016-03-02 05:53:30,070 #175 INFO] Sent 1065 sources in 17 block(s)
[2016-03-02 05:53:30,081 #175 PROGRESS] **  Sent 404.5 KB of data in 17 task(s)
[2016-03-02 05:53:42,710 #175 PROGRESS] **  classical   5%
[2016-03-02 05:53:43,363 #175 PROGRESS] **  classical  11%
[2016-03-02 05:53:43,807 #175 PROGRESS] **  classical  17%
[2016-03-02 05:53:44,613 #175 PROGRESS] **  classical  23%
[2016-03-02 05:53:48,070 #175 PROGRESS] **  classical  29%
[2016-03-02 05:53:56,662 #175 PROGRESS] **  classical  35%
[2016-03-02 05:53:56,683 #175 PROGRESS] **  classical  41%
[2016-03-02 05:53:57,114 #175 PROGRESS] **  classical  47%
[2016-03-02 05:54:02,955 #175 PROGRESS] **  classical  52%
[2016-03-02 05:54:11,107 #175 PROGRESS] **  classical  58%
[2016-03-02 05:54:11,238 #175 PROGRESS] **  classical  64%
[2016-03-02 05:54:11,403 #175 PROGRESS] **  classical  70%
[2016-03-02 05:54:17,081 #175 PROGRESS] **  classical  76%
[2016-03-02 05:54:25,486 #175 PROGRESS] **  classical  82%
[2016-03-02 05:54:25,758 #175 PROGRESS] **  classical  88%
[2016-03-02 05:54:26,044 #175 PROGRESS] **  classical  94%
[2016-03-02 05:54:26,613 #175 PROGRESS] **  classical 100%
[2016-03-02 05:54:26,623 #175 PROGRESS] **  Received 98.34 KB of data, maximum per task 5.87 KB
[2016-03-02 05:54:26,746 #175 INFO] exported hcurves: [u'./export/hazard_curve-mean_175-PGA.xml', u'./export/hazard_curve-mean_175-SA(0.2).xml', u'./export/hazard_curve-mean_175-SA(1.0).xml', u'./export/quantile_curve-0.1_175-PGA.xml', u'./export/quantile_curve-0.1_175-SA(0.2).xml', u'./export/quantile_curve-0.1_175-SA(1.0).xml', u'./export/quantile_curve-0.5_175-PGA.xml', u'./export/quantile_curve-0.5_175-SA(0.2).xml', u'./export/quantile_curve-0.5_175-SA(1.0).xml', u'./export/quantile_curve-0.9_175-PGA.xml', u'./export/quantile_curve-0.9_175-SA(0.2).xml', u'./export/quantile_curve-0.9_175-SA(1.0).xml']
[2016-03-02 05:54:26,775 #175 INFO] exported hmaps: [u'./export/hazard_map-mean-0.00040397-PGA_175.xml', u'./export/hazard_map-mean-0.00040397-SA(0.2)_175.xml', u'./export/hazard_map-mean-0.00040397-SA(1.0)_175.xml', u'./export/hazard_map-mean-0.002105-PGA_175.xml', u'./export/hazard_map-mean-0.002105-SA(0.2)_175.xml', u'./export/hazard_map-mean-0.002105-SA(1.0)_175.xml', u'./export/quantile_map-0.1-0.00040397-PGA_175.xml', u'./export/quantile_map-0.1-0.00040397-SA(0.2)_175.xml', u'./export/quantile_map-0.1-0.00040397-SA(1.0)_175.xml', u'./export/quantile_map-0.1-0.002105-PGA_175.xml', u'./export/quantile_map-0.1-0.002105-SA(0.2)_175.xml', u'./export/quantile_map-0.1-0.002105-SA(1.0)_175.xml', u'./export/quantile_map-0.5-0.00040397-PGA_175.xml', u'./export/quantile_map-0.5-0.00040397-SA(0.2)_175.xml', u'./export/quantile_map-0.5-0.00040397-SA(1.0)_175.xml', u'./export/quantile_map-0.5-0.002105-PGA_175.xml', u'./export/quantile_map-0.5-0.002105-SA(0.2)_175.xml', u'./export/quantile_map-0.5-0.002105-SA(1.0)_175.xml', u'./export/quantile_map-0.9-0.00040397-PGA_175.xml', u'./export/quantile_map-0.9-0.00040397-SA(0.2)_175.xml', u'./export/quantile_map-0.9-0.00040397-SA(1.0)_175.xml', u'./export/quantile_map-0.9-0.002105-PGA_175.xml', u'./export/quantile_map-0.9-0.002105-SA(0.2)_175.xml', u'./export/quantile_map-0.9-0.002105-SA(1.0)_175.xml']
