[2016-02-28 23:40:09,540 #170 INFO] Reading the site collection
[2016-02-28 23:40:09,573 #170 INFO] Parsed 3 sources from /home/nick/Desktop/Individual Study/Jobs/guwahati_collapsed/guwahati_areal_collapsed.xml
[2016-02-28 23:40:09,815 #170 INFO] Read source model 1/1 with 16 gsim realization(s)
[2016-02-28 23:40:09,827 #170 INFO] Expected output size=[ 912.]
[2016-02-28 23:40:09,839 #170 INFO] Total weight of the sources=[ 1203.6]
[2016-02-28 23:40:09,852 #170 INFO] Instantiated SourceManager with maxweight=76.0
[2016-02-28 23:40:09,867 #170 INFO] splitting <AreaSource z912> of weight 555.925
[2016-02-28 23:40:09,975 #170 INFO] splitting <AreaSource z118> of weight 183.675
[2016-02-28 23:40:10,035 #170 INFO] splitting <AreaSource z119> of weight 464.0
[2016-02-28 23:40:10,362 #170 INFO] Sent 1302 sources in 17 block(s)
[2016-02-28 23:40:10,377 #170 PROGRESS] **  Sent 452.92 KB of data in 17 task(s)
[2016-02-28 23:40:24,868 #170 PROGRESS] **  classical   5%
[2016-02-28 23:40:25,171 #170 PROGRESS] **  classical  11%
[2016-02-28 23:40:25,208 #170 PROGRESS] **  classical  17%
[2016-02-28 23:40:25,292 #170 PROGRESS] **  classical  23%
[2016-02-28 23:40:30,164 #170 WARNING] /home/nick/src/python/GEM/oq-hazardlib/openquake/hazardlib/gsim/sharma_2009.py:200: UserWarning: Normal faulting not supported by SharmaEtAl2009; treating as strike-slip
  warnings.warn(msg, UserWarning)

[2016-02-28 23:40:30,159 #170 PROGRESS] **  classical  29%
[2016-02-28 23:40:39,421 #170 PROGRESS] **  classical  35%
[2016-02-28 23:40:39,440 #170 WARNING] /home/nick/src/python/GEM/oq-hazardlib/openquake/hazardlib/gsim/sharma_2009.py:200: UserWarning: Normal faulting not supported by SharmaEtAl2009; treating as strike-slip
  warnings.warn(msg, UserWarning)

[2016-02-28 23:40:39,747 #170 PROGRESS] **  classical  41%
[2016-02-28 23:40:39,753 #170 WARNING] /home/nick/src/python/GEM/oq-hazardlib/openquake/hazardlib/gsim/sharma_2009.py:200: UserWarning: Normal faulting not supported by SharmaEtAl2009; treating as strike-slip
  warnings.warn(msg, UserWarning)

[2016-02-28 23:40:40,394 #170 PROGRESS] **  classical  47%
[2016-02-28 23:40:45,719 #170 PROGRESS] **  classical  52%
[2016-02-28 23:40:54,857 #170 PROGRESS] **  classical  58%
[2016-02-28 23:40:56,582 #170 PROGRESS] **  classical  64%
[2016-02-28 23:40:57,011 #170 PROGRESS] **  classical  70%
[2016-02-28 23:41:02,373 #170 PROGRESS] **  classical  76%
[2016-02-28 23:41:11,374 #170 PROGRESS] **  classical  82%
[2016-02-28 23:41:11,645 #170 PROGRESS] **  classical  88%
[2016-02-28 23:41:12,781 #170 PROGRESS] **  classical  94%
[2016-02-28 23:41:12,802 #170 PROGRESS] **  classical 100%
[2016-02-28 23:41:12,812 #170 PROGRESS] **  Received 101.58 KB of data, maximum per task 6.27 KB
[2016-02-28 23:41:12,872 #170 INFO] exported hcurves: [u'./export/hazard_curve-mean_170-PGA.xml', u'./export/hazard_curve-mean_170-SA(0.2).xml', u'./export/hazard_curve-mean_170-SA(1.0).xml', u'./export/quantile_curve-0.1_170-PGA.xml', u'./export/quantile_curve-0.1_170-SA(0.2).xml', u'./export/quantile_curve-0.1_170-SA(1.0).xml', u'./export/quantile_curve-0.5_170-PGA.xml', u'./export/quantile_curve-0.5_170-SA(0.2).xml', u'./export/quantile_curve-0.5_170-SA(1.0).xml', u'./export/quantile_curve-0.9_170-PGA.xml', u'./export/quantile_curve-0.9_170-SA(0.2).xml', u'./export/quantile_curve-0.9_170-SA(1.0).xml']
[2016-02-28 23:41:12,896 #170 INFO] exported hmaps: [u'./export/hazard_map-mean-0.00040397-PGA_170.xml', u'./export/hazard_map-mean-0.00040397-SA(0.2)_170.xml', u'./export/hazard_map-mean-0.00040397-SA(1.0)_170.xml', u'./export/hazard_map-mean-0.002105-PGA_170.xml', u'./export/hazard_map-mean-0.002105-SA(0.2)_170.xml', u'./export/hazard_map-mean-0.002105-SA(1.0)_170.xml', u'./export/quantile_map-0.1-0.00040397-PGA_170.xml', u'./export/quantile_map-0.1-0.00040397-SA(0.2)_170.xml', u'./export/quantile_map-0.1-0.00040397-SA(1.0)_170.xml', u'./export/quantile_map-0.1-0.002105-PGA_170.xml', u'./export/quantile_map-0.1-0.002105-SA(0.2)_170.xml', u'./export/quantile_map-0.1-0.002105-SA(1.0)_170.xml', u'./export/quantile_map-0.5-0.00040397-PGA_170.xml', u'./export/quantile_map-0.5-0.00040397-SA(0.2)_170.xml', u'./export/quantile_map-0.5-0.00040397-SA(1.0)_170.xml', u'./export/quantile_map-0.5-0.002105-PGA_170.xml', u'./export/quantile_map-0.5-0.002105-SA(0.2)_170.xml', u'./export/quantile_map-0.5-0.002105-SA(1.0)_170.xml', u'./export/quantile_map-0.9-0.00040397-PGA_170.xml', u'./export/quantile_map-0.9-0.00040397-SA(0.2)_170.xml', u'./export/quantile_map-0.9-0.00040397-SA(1.0)_170.xml', u'./export/quantile_map-0.9-0.002105-PGA_170.xml', u'./export/quantile_map-0.9-0.002105-SA(0.2)_170.xml', u'./export/quantile_map-0.9-0.002105-SA(1.0)_170.xml']
