[2016-02-28 23:38:47,711 #169 INFO] Reading the site collection
[2016-02-28 23:38:47,725 #169 INFO] Parsed 3 sources from /home/nick/Desktop/Individual Study/Jobs/guwahati_no_fmd_uncertainty/guwahati_areal.xml
[2016-02-28 23:38:47,965 #169 INFO] Read source model 1/1 with 16 gsim realization(s)
[2016-02-28 23:38:48,003 #169 INFO] Expected output size=[ 912.]
[2016-02-28 23:38:48,015 #169 INFO] Total weight of the sources=[ 1111.625]
[2016-02-28 23:38:48,026 #169 INFO] Instantiated SourceManager with maxweight=70.0
[2016-02-28 23:38:48,032 #169 INFO] splitting <AreaSource z912> of weight 510.85
[2016-02-28 23:38:48,155 #169 INFO] splitting <AreaSource z118> of weight 159.975
[2016-02-28 23:38:48,236 #169 INFO] splitting <AreaSource z119> of weight 440.8
[2016-02-28 23:38:48,507 #169 INFO] Sent 1302 sources in 17 block(s)
[2016-02-28 23:38:48,520 #169 PROGRESS] **  Sent 447.54 KB of data in 17 task(s)
[2016-02-28 23:39:02,000 #169 PROGRESS] **  classical   5%
[2016-02-28 23:39:02,198 #169 PROGRESS] **  classical  11%
[2016-02-28 23:39:02,212 #169 PROGRESS] **  classical  17%
[2016-02-28 23:39:02,312 #169 PROGRESS] **  classical  23%
[2016-02-28 23:39:06,820 #169 PROGRESS] **  classical  29%
[2016-02-28 23:39:06,843 #169 WARNING] /home/nick/src/python/GEM/oq-hazardlib/openquake/hazardlib/gsim/sharma_2009.py:200: UserWarning: Normal faulting not supported by SharmaEtAl2009; treating as strike-slip
  warnings.warn(msg, UserWarning)

[2016-02-28 23:39:15,075 #169 PROGRESS] **  classical  35%
[2016-02-28 23:39:15,080 #169 WARNING] /home/nick/src/python/GEM/oq-hazardlib/openquake/hazardlib/gsim/sharma_2009.py:200: UserWarning: Normal faulting not supported by SharmaEtAl2009; treating as strike-slip
  warnings.warn(msg, UserWarning)

[2016-02-28 23:39:15,685 #169 PROGRESS] **  classical  41%
[2016-02-28 23:39:15,693 #169 WARNING] /home/nick/src/python/GEM/oq-hazardlib/openquake/hazardlib/gsim/sharma_2009.py:200: UserWarning: Normal faulting not supported by SharmaEtAl2009; treating as strike-slip
  warnings.warn(msg, UserWarning)

[2016-02-28 23:39:15,721 #169 PROGRESS] **  classical  47%
[2016-02-28 23:39:20,456 #169 PROGRESS] **  classical  52%
[2016-02-28 23:39:27,628 #169 PROGRESS] **  classical  58%
[2016-02-28 23:39:29,437 #169 PROGRESS] **  classical  64%
[2016-02-28 23:39:29,528 #169 PROGRESS] **  classical  70%
[2016-02-28 23:39:34,597 #169 PROGRESS] **  classical  76%
[2016-02-28 23:39:43,007 #169 PROGRESS] **  classical  82%
[2016-02-28 23:39:43,826 #169 PROGRESS] **  classical  88%
[2016-02-28 23:39:44,026 #169 PROGRESS] **  classical  94%
[2016-02-28 23:39:44,129 #169 PROGRESS] **  classical 100%
[2016-02-28 23:39:44,137 #169 PROGRESS] **  Received 101.99 KB of data, maximum per task 6.36 KB
[2016-02-28 23:39:44,211 #169 INFO] exported hcurves: [u'./export/hazard_curve-mean_169-PGA.xml', u'./export/hazard_curve-mean_169-SA(0.2).xml', u'./export/hazard_curve-mean_169-SA(1.0).xml', u'./export/quantile_curve-0.1_169-PGA.xml', u'./export/quantile_curve-0.1_169-SA(0.2).xml', u'./export/quantile_curve-0.1_169-SA(1.0).xml', u'./export/quantile_curve-0.5_169-PGA.xml', u'./export/quantile_curve-0.5_169-SA(0.2).xml', u'./export/quantile_curve-0.5_169-SA(1.0).xml', u'./export/quantile_curve-0.9_169-PGA.xml', u'./export/quantile_curve-0.9_169-SA(0.2).xml', u'./export/quantile_curve-0.9_169-SA(1.0).xml']
[2016-02-28 23:39:44,243 #169 INFO] exported hmaps: [u'./export/hazard_map-mean-0.00040397-PGA_169.xml', u'./export/hazard_map-mean-0.00040397-SA(0.2)_169.xml', u'./export/hazard_map-mean-0.00040397-SA(1.0)_169.xml', u'./export/hazard_map-mean-0.002105-PGA_169.xml', u'./export/hazard_map-mean-0.002105-SA(0.2)_169.xml', u'./export/hazard_map-mean-0.002105-SA(1.0)_169.xml', u'./export/quantile_map-0.1-0.00040397-PGA_169.xml', u'./export/quantile_map-0.1-0.00040397-SA(0.2)_169.xml', u'./export/quantile_map-0.1-0.00040397-SA(1.0)_169.xml', u'./export/quantile_map-0.1-0.002105-PGA_169.xml', u'./export/quantile_map-0.1-0.002105-SA(0.2)_169.xml', u'./export/quantile_map-0.1-0.002105-SA(1.0)_169.xml', u'./export/quantile_map-0.5-0.00040397-PGA_169.xml', u'./export/quantile_map-0.5-0.00040397-SA(0.2)_169.xml', u'./export/quantile_map-0.5-0.00040397-SA(1.0)_169.xml', u'./export/quantile_map-0.5-0.002105-PGA_169.xml', u'./export/quantile_map-0.5-0.002105-SA(0.2)_169.xml', u'./export/quantile_map-0.5-0.002105-SA(1.0)_169.xml', u'./export/quantile_map-0.9-0.00040397-PGA_169.xml', u'./export/quantile_map-0.9-0.00040397-SA(0.2)_169.xml', u'./export/quantile_map-0.9-0.00040397-SA(1.0)_169.xml', u'./export/quantile_map-0.9-0.002105-PGA_169.xml', u'./export/quantile_map-0.9-0.002105-SA(0.2)_169.xml', u'./export/quantile_map-0.9-0.002105-SA(1.0)_169.xml']
