[2016-03-02 05:55:08,610 #176 INFO] Reading the site collection
[2016-03-02 05:55:08,624 #176 INFO] Parsed 2 sources from /home/nick/Desktop/Individual Study/Jobs/guwahati_no_fmd_uncertainty/guwahati_areal.xml
[2016-03-02 05:55:08,821 #176 INFO] Read source model 1/1 with 16 gsim realization(s)
[2016-03-02 05:55:08,830 #176 INFO] Expected output size=[ 912.]
[2016-03-02 05:55:08,833 #176 INFO] Total weight of the sources=[ 951.65]
[2016-03-02 05:55:08,844 #176 INFO] Instantiated SourceManager with maxweight=60.0
[2016-03-02 05:55:08,852 #176 INFO] splitting <AreaSource z119> of weight 440.8
[2016-03-02 05:55:08,973 #176 INFO] splitting <AreaSource z912> of weight 510.85
[2016-03-02 05:55:09,246 #176 INFO] Sent 1065 sources in 17 block(s)
[2016-03-02 05:55:09,256 #176 PROGRESS] **  Sent 399.43 KB of data in 17 task(s)
[2016-03-02 05:55:21,086 #176 PROGRESS] **  classical   5%
[2016-03-02 05:55:21,588 #176 PROGRESS] **  classical  11%
[2016-03-02 05:55:21,606 #176 PROGRESS] **  classical  17%
[2016-03-02 05:55:21,815 #176 PROGRESS] **  classical  23%
[2016-03-02 05:55:26,602 #176 PROGRESS] **  classical  29%
[2016-03-02 05:55:33,175 #176 PROGRESS] **  classical  35%
[2016-03-02 05:55:34,029 #176 PROGRESS] **  classical  41%
[2016-03-02 05:55:35,843 #176 PROGRESS] **  classical  47%
[2016-03-02 05:55:38,946 #176 PROGRESS] **  classical  52%
[2016-03-02 05:55:47,912 #176 PROGRESS] **  classical  58%
[2016-03-02 05:55:48,085 #176 PROGRESS] **  classical  64%
[2016-03-02 05:55:49,199 #176 PROGRESS] **  classical  70%
[2016-03-02 05:55:53,465 #176 PROGRESS] **  classical  76%
[2016-03-02 05:56:02,111 #176 PROGRESS] **  classical  82%
[2016-03-02 05:56:02,959 #176 PROGRESS] **  classical  88%
[2016-03-02 05:56:03,110 #176 PROGRESS] **  classical  94%
[2016-03-02 05:56:03,394 #176 PROGRESS] **  classical 100%
[2016-03-02 05:56:03,406 #176 PROGRESS] **  Received 98.79 KB of data, maximum per task 5.91 KB
[2016-03-02 05:56:03,542 #176 INFO] exported hcurves: [u'./export/hazard_curve-mean_176-PGA.xml', u'./export/hazard_curve-mean_176-SA(0.2).xml', u'./export/hazard_curve-mean_176-SA(1.0).xml', u'./export/quantile_curve-0.1_176-PGA.xml', u'./export/quantile_curve-0.1_176-SA(0.2).xml', u'./export/quantile_curve-0.1_176-SA(1.0).xml', u'./export/quantile_curve-0.5_176-PGA.xml', u'./export/quantile_curve-0.5_176-SA(0.2).xml', u'./export/quantile_curve-0.5_176-SA(1.0).xml', u'./export/quantile_curve-0.9_176-PGA.xml', u'./export/quantile_curve-0.9_176-SA(0.2).xml', u'./export/quantile_curve-0.9_176-SA(1.0).xml']
[2016-03-02 05:56:03,573 #176 INFO] exported hmaps: [u'./export/hazard_map-mean-0.00040397-PGA_176.xml', u'./export/hazard_map-mean-0.00040397-SA(0.2)_176.xml', u'./export/hazard_map-mean-0.00040397-SA(1.0)_176.xml', u'./export/hazard_map-mean-0.002105-PGA_176.xml', u'./export/hazard_map-mean-0.002105-SA(0.2)_176.xml', u'./export/hazard_map-mean-0.002105-SA(1.0)_176.xml', u'./export/quantile_map-0.1-0.00040397-PGA_176.xml', u'./export/quantile_map-0.1-0.00040397-SA(0.2)_176.xml', u'./export/quantile_map-0.1-0.00040397-SA(1.0)_176.xml', u'./export/quantile_map-0.1-0.002105-PGA_176.xml', u'./export/quantile_map-0.1-0.002105-SA(0.2)_176.xml', u'./export/quantile_map-0.1-0.002105-SA(1.0)_176.xml', u'./export/quantile_map-0.5-0.00040397-PGA_176.xml', u'./export/quantile_map-0.5-0.00040397-SA(0.2)_176.xml', u'./export/quantile_map-0.5-0.00040397-SA(1.0)_176.xml', u'./export/quantile_map-0.5-0.002105-PGA_176.xml', u'./export/quantile_map-0.5-0.002105-SA(0.2)_176.xml', u'./export/quantile_map-0.5-0.002105-SA(1.0)_176.xml', u'./export/quantile_map-0.9-0.00040397-PGA_176.xml', u'./export/quantile_map-0.9-0.00040397-SA(0.2)_176.xml', u'./export/quantile_map-0.9-0.00040397-SA(1.0)_176.xml', u'./export/quantile_map-0.9-0.002105-PGA_176.xml', u'./export/quantile_map-0.9-0.002105-SA(0.2)_176.xml', u'./export/quantile_map-0.9-0.002105-SA(1.0)_176.xml']
