[2016-03-12 00:12:58,467 #178 INFO] Reading the site collection
[2016-03-12 00:12:58,480 #178 INFO] Parsed 2 sources from /home/nick/Desktop/Individual Study/Jobs/guwahati_no_fmd_uncertainty/guwahati_areal.xml
[2016-03-12 00:12:58,673 #178 INFO] Read source model 1/1 with 16 gsim realization(s)
[2016-03-12 00:12:58,687 #178 INFO] Expected output size=[ 912.]
[2016-03-12 00:12:58,697 #178 INFO] Total weight of the sources=[ 951.65]
[2016-03-12 00:12:58,711 #178 INFO] Instantiated SourceManager with maxweight=60.0
[2016-03-12 00:12:58,723 #178 INFO] splitting <AreaSource z119> of weight 440.8
[2016-03-12 00:12:58,833 #178 INFO] splitting <AreaSource z912> of weight 510.85
[2016-03-12 00:12:59,054 #178 INFO] Sent 1065 sources in 17 block(s)
[2016-03-12 00:12:59,069 #178 PROGRESS] **  Sent 399.43 KB of data in 17 task(s)
[2016-03-12 00:13:10,304 #178 PROGRESS] **  classical   5%
[2016-03-12 00:13:10,476 #178 PROGRESS] **  classical  11%
[2016-03-12 00:13:10,644 #178 PROGRESS] **  classical  17%
[2016-03-12 00:13:10,824 #178 PROGRESS] **  classical  23%
[2016-03-12 00:13:15,072 #178 PROGRESS] **  classical  29%
[2016-03-12 00:13:21,742 #178 PROGRESS] **  classical  35%
[2016-03-12 00:13:21,888 #178 PROGRESS] **  classical  41%
[2016-03-12 00:13:22,033 #178 PROGRESS] **  classical  47%
[2016-03-12 00:13:26,800 #178 PROGRESS] **  classical  52%
[2016-03-12 00:13:33,552 #178 PROGRESS] **  classical  58%
[2016-03-12 00:13:33,579 #178 PROGRESS] **  classical  64%
[2016-03-12 00:13:34,025 #178 PROGRESS] **  classical  70%
[2016-03-12 00:13:39,494 #178 PROGRESS] **  classical  76%
[2016-03-12 00:13:46,597 #178 PROGRESS] **  classical  82%
[2016-03-12 00:13:46,631 #178 PROGRESS] **  classical  88%
[2016-03-12 00:13:46,693 #178 PROGRESS] **  classical  94%
[2016-03-12 00:13:46,754 #178 PROGRESS] **  classical 100%
[2016-03-12 00:13:46,785 #178 PROGRESS] **  Received 98.79 KB of data, maximum per task 5.91 KB
[2016-03-12 00:13:46,877 #178 INFO] exported hcurves: [u'./export/hazard_curve-mean_178-PGA.xml', u'./export/hazard_curve-mean_178-SA(0.2).xml', u'./export/hazard_curve-mean_178-SA(1.0).xml', u'./export/quantile_curve-0.1_178-PGA.xml', u'./export/quantile_curve-0.1_178-SA(0.2).xml', u'./export/quantile_curve-0.1_178-SA(1.0).xml', u'./export/quantile_curve-0.5_178-PGA.xml', u'./export/quantile_curve-0.5_178-SA(0.2).xml', u'./export/quantile_curve-0.5_178-SA(1.0).xml', u'./export/quantile_curve-0.9_178-PGA.xml', u'./export/quantile_curve-0.9_178-SA(0.2).xml', u'./export/quantile_curve-0.9_178-SA(1.0).xml']
[2016-03-12 00:13:46,928 #178 INFO] exported hmaps: [u'./export/hazard_map-mean-0.00017559-PGA_178.xml', u'./export/hazard_map-mean-0.00017559-SA(0.2)_178.xml', u'./export/hazard_map-mean-0.00017559-SA(1.0)_178.xml', u'./export/hazard_map-mean-3.3671e-05-PGA_178.xml', u'./export/hazard_map-mean-3.3671e-05-SA(0.2)_178.xml', u'./export/hazard_map-mean-3.3671e-05-SA(1.0)_178.xml', u'./export/quantile_map-0.1-0.00017559-PGA_178.xml', u'./export/quantile_map-0.1-0.00017559-SA(0.2)_178.xml', u'./export/quantile_map-0.1-0.00017559-SA(1.0)_178.xml', u'./export/quantile_map-0.1-3.3671e-05-PGA_178.xml', u'./export/quantile_map-0.1-3.3671e-05-SA(0.2)_178.xml', u'./export/quantile_map-0.1-3.3671e-05-SA(1.0)_178.xml', u'./export/quantile_map-0.5-0.00017559-PGA_178.xml', u'./export/quantile_map-0.5-0.00017559-SA(0.2)_178.xml', u'./export/quantile_map-0.5-0.00017559-SA(1.0)_178.xml', u'./export/quantile_map-0.5-3.3671e-05-PGA_178.xml', u'./export/quantile_map-0.5-3.3671e-05-SA(0.2)_178.xml', u'./export/quantile_map-0.5-3.3671e-05-SA(1.0)_178.xml', u'./export/quantile_map-0.9-0.00017559-PGA_178.xml', u'./export/quantile_map-0.9-0.00017559-SA(0.2)_178.xml', u'./export/quantile_map-0.9-0.00017559-SA(1.0)_178.xml', u'./export/quantile_map-0.9-3.3671e-05-PGA_178.xml', u'./export/quantile_map-0.9-3.3671e-05-SA(0.2)_178.xml', u'./export/quantile_map-0.9-3.3671e-05-SA(1.0)_178.xml']
