[2016-03-01 16:56:57,358 #174 INFO] Reading the site collection
[2016-03-01 16:56:57,557 #174 INFO] Parsed 2 sources from /home/nick/Desktop/Individual Study/Jobs/guwahati_fully_enumerated/guwahati_areal.xml
[2016-03-01 16:56:57,730 #174 INFO] Read source model 1/81 with 16 gsim realization(s)
[2016-03-01 16:56:57,891 #174 INFO] Read source model 2/81 with 16 gsim realization(s)
[2016-03-01 16:56:58,066 #174 INFO] Read source model 3/81 with 16 gsim realization(s)
[2016-03-01 16:56:58,241 #174 INFO] Read source model 4/81 with 16 gsim realization(s)
[2016-03-01 16:56:58,414 #174 INFO] Read source model 5/81 with 16 gsim realization(s)
[2016-03-01 16:56:58,587 #174 INFO] Read source model 6/81 with 16 gsim realization(s)
[2016-03-01 16:56:58,763 #174 INFO] Read source model 7/81 with 16 gsim realization(s)
[2016-03-01 16:56:58,931 #174 INFO] Read source model 8/81 with 16 gsim realization(s)
[2016-03-01 16:56:59,107 #174 INFO] Read source model 9/81 with 16 gsim realization(s)
[2016-03-01 16:56:59,286 #174 INFO] Read source model 10/81 with 16 gsim realization(s)
[2016-03-01 16:56:59,455 #174 INFO] Read source model 11/81 with 16 gsim realization(s)
[2016-03-01 16:56:59,617 #174 INFO] Read source model 12/81 with 16 gsim realization(s)
[2016-03-01 16:56:59,787 #174 INFO] Read source model 13/81 with 16 gsim realization(s)
[2016-03-01 16:56:59,954 #174 INFO] Read source model 14/81 with 16 gsim realization(s)
[2016-03-01 16:57:00,119 #174 INFO] Read source model 15/81 with 16 gsim realization(s)
[2016-03-01 16:57:00,290 #174 INFO] Read source model 16/81 with 16 gsim realization(s)
[2016-03-01 16:57:00,462 #174 INFO] Read source model 17/81 with 16 gsim realization(s)
[2016-03-01 16:57:00,632 #174 INFO] Read source model 18/81 with 16 gsim realization(s)
[2016-03-01 16:57:00,847 #174 INFO] Read source model 19/81 with 16 gsim realization(s)
[2016-03-01 16:57:01,013 #174 INFO] Read source model 20/81 with 16 gsim realization(s)
[2016-03-01 16:57:01,178 #174 INFO] Read source model 21/81 with 16 gsim realization(s)
[2016-03-01 16:57:01,342 #174 INFO] Read source model 22/81 with 16 gsim realization(s)
[2016-03-01 16:57:01,508 #174 INFO] Read source model 23/81 with 16 gsim realization(s)
[2016-03-01 16:57:01,684 #174 INFO] Read source model 24/81 with 16 gsim realization(s)
[2016-03-01 16:57:01,857 #174 INFO] Read source model 25/81 with 16 gsim realization(s)
[2016-03-01 16:57:02,074 #174 INFO] Read source model 26/81 with 16 gsim realization(s)
[2016-03-01 16:57:02,250 #174 INFO] Read source model 27/81 with 16 gsim realization(s)
[2016-03-01 16:57:02,426 #174 INFO] Read source model 28/81 with 16 gsim realization(s)
[2016-03-01 16:57:02,596 #174 INFO] Read source model 29/81 with 16 gsim realization(s)
[2016-03-01 16:57:02,781 #174 INFO] Read source model 30/81 with 16 gsim realization(s)
[2016-03-01 16:57:02,972 #174 INFO] Read source model 31/81 with 16 gsim realization(s)
[2016-03-01 16:57:03,133 #174 INFO] Read source model 32/81 with 16 gsim realization(s)
[2016-03-01 16:57:03,307 #174 INFO] Read source model 33/81 with 16 gsim realization(s)
[2016-03-01 16:57:03,484 #174 INFO] Read source model 34/81 with 16 gsim realization(s)
[2016-03-01 16:57:03,729 #174 INFO] Read source model 35/81 with 16 gsim realization(s)
[2016-03-01 16:57:03,893 #174 INFO] Read source model 36/81 with 16 gsim realization(s)
[2016-03-01 16:57:04,085 #174 INFO] Read source model 37/81 with 16 gsim realization(s)
[2016-03-01 16:57:04,255 #174 INFO] Read source model 38/81 with 16 gsim realization(s)
[2016-03-01 16:57:04,420 #174 INFO] Read source model 39/81 with 16 gsim realization(s)
[2016-03-01 16:57:04,586 #174 INFO] Read source model 40/81 with 16 gsim realization(s)
[2016-03-01 16:57:04,753 #174 INFO] Read source model 41/81 with 16 gsim realization(s)
[2016-03-01 16:57:04,928 #174 INFO] Read source model 42/81 with 16 gsim realization(s)
[2016-03-01 16:57:05,105 #174 INFO] Read source model 43/81 with 16 gsim realization(s)
[2016-03-01 16:57:05,267 #174 INFO] Read source model 44/81 with 16 gsim realization(s)
[2016-03-01 16:57:05,440 #174 INFO] Read source model 45/81 with 16 gsim realization(s)
[2016-03-01 16:57:05,627 #174 INFO] Read source model 46/81 with 16 gsim realization(s)
[2016-03-01 16:57:05,799 #174 INFO] Read source model 47/81 with 16 gsim realization(s)
[2016-03-01 16:57:06,485 #174 INFO] Read source model 48/81 with 16 gsim realization(s)
[2016-03-01 16:57:06,657 #174 INFO] Read source model 49/81 with 16 gsim realization(s)
[2016-03-01 16:57:06,837 #174 INFO] Read source model 50/81 with 16 gsim realization(s)
[2016-03-01 16:57:07,033 #174 INFO] Read source model 51/81 with 16 gsim realization(s)
[2016-03-01 16:57:07,207 #174 INFO] Read source model 52/81 with 16 gsim realization(s)
[2016-03-01 16:57:07,382 #174 INFO] Read source model 53/81 with 16 gsim realization(s)
[2016-03-01 16:57:07,555 #174 INFO] Read source model 54/81 with 16 gsim realization(s)
[2016-03-01 16:57:07,716 #174 INFO] Read source model 55/81 with 16 gsim realization(s)
[2016-03-01 16:57:07,899 #174 INFO] Read source model 56/81 with 16 gsim realization(s)
[2016-03-01 16:57:08,084 #174 INFO] Read source model 57/81 with 16 gsim realization(s)
[2016-03-01 16:57:08,262 #174 INFO] Read source model 58/81 with 16 gsim realization(s)
[2016-03-01 16:57:08,455 #174 INFO] Read source model 59/81 with 16 gsim realization(s)
[2016-03-01 16:57:08,624 #174 INFO] Read source model 60/81 with 16 gsim realization(s)
[2016-03-01 16:57:08,804 #174 INFO] Read source model 61/81 with 16 gsim realization(s)
[2016-03-01 16:57:08,968 #174 INFO] Read source model 62/81 with 16 gsim realization(s)
[2016-03-01 16:57:09,143 #174 INFO] Read source model 63/81 with 16 gsim realization(s)
[2016-03-01 16:57:09,309 #174 INFO] Read source model 64/81 with 16 gsim realization(s)
[2016-03-01 16:57:09,483 #174 INFO] Read source model 65/81 with 16 gsim realization(s)
[2016-03-01 16:57:09,653 #174 INFO] Read source model 66/81 with 16 gsim realization(s)
[2016-03-01 16:57:09,821 #174 INFO] Read source model 67/81 with 16 gsim realization(s)
[2016-03-01 16:57:09,988 #174 INFO] Read source model 68/81 with 16 gsim realization(s)
[2016-03-01 16:57:10,149 #174 INFO] Read source model 69/81 with 16 gsim realization(s)
[2016-03-01 16:57:10,316 #174 INFO] Read source model 70/81 with 16 gsim realization(s)
[2016-03-01 16:57:10,491 #174 INFO] Read source model 71/81 with 16 gsim realization(s)
[2016-03-01 16:57:10,666 #174 INFO] Read source model 72/81 with 16 gsim realization(s)
[2016-03-01 16:57:10,838 #174 INFO] Read source model 73/81 with 16 gsim realization(s)
[2016-03-01 16:57:11,009 #174 INFO] Read source model 74/81 with 16 gsim realization(s)
[2016-03-01 16:57:11,181 #174 INFO] Read source model 75/81 with 16 gsim realization(s)
[2016-03-01 16:57:11,342 #174 INFO] Read source model 76/81 with 16 gsim realization(s)
[2016-03-01 16:57:11,515 #174 INFO] Read source model 77/81 with 16 gsim realization(s)
[2016-03-01 16:57:11,676 #174 INFO] Read source model 78/81 with 16 gsim realization(s)
[2016-03-01 16:57:11,843 #174 INFO] Read source model 79/81 with 16 gsim realization(s)
[2016-03-01 16:57:12,011 #174 INFO] Read source model 80/81 with 16 gsim realization(s)
[2016-03-01 16:57:12,175 #174 INFO] Read source model 81/81 with 16 gsim realization(s)
[2016-03-01 16:57:12,184 #174 INFO] /home/nick/Desktop/Individual Study/Jobs/guwahati_fully_enumerated/guwahati_areal.xml has been considered 81 times
[2016-03-01 16:57:12,391 #174 INFO] Expected output size=[ 73872.]
[2016-03-01 16:57:12,401 #174 INFO] Total weight of the sources=[ 77083.65]
[2016-03-01 16:57:12,521 #174 INFO] Instantiated SourceManager with maxweight=4818.0
[2016-03-01 16:57:49,799 #174 INFO] Sent 162 sources in 162 block(s)
[2016-03-01 16:57:49,828 #174 PROGRESS] **  Sent 107.38 MB of data in 162 task(s)
[2016-03-01 16:58:44,740 #174 PROGRESS] **  classical   1%
[2016-03-01 16:58:54,671 #174 PROGRESS] **  classical   2%
[2016-03-01 17:00:11,807 #174 PROGRESS] **  classical   3%
[2016-03-01 17:00:24,436 #174 PROGRESS] **  classical   4%
[2016-03-01 17:01:37,916 #174 PROGRESS] **  classical   5%
[2016-03-01 17:01:50,316 #174 PROGRESS] **  classical   6%
[2016-03-01 17:02:10,063 #174 PROGRESS] **  classical   7%
[2016-03-01 17:03:05,723 #174 PROGRESS] **  classical   8%
[2016-03-01 17:03:27,307 #174 PROGRESS] **  classical   9%
[2016-03-01 17:04:31,649 #174 PROGRESS] **  classical  10%
[2016-03-01 17:04:56,475 #174 PROGRESS] **  classical  11%
[2016-03-01 17:05:51,296 #174 PROGRESS] **  classical  12%
[2016-03-01 17:06:48,311 #174 PROGRESS] **  classical  13%
[2016-03-01 17:07:01,874 #174 PROGRESS] **  classical  14%
[2016-03-01 17:07:45,410 #174 PROGRESS] **  classical  15%
[2016-03-01 17:08:28,386 #174 PROGRESS] **  classical  16%
[2016-03-01 17:09:12,509 #174 PROGRESS] **  classical  17%
[2016-03-01 17:10:01,700 #174 PROGRESS] **  classical  18%
[2016-03-01 17:10:16,690 #174 PROGRESS] **  classical  19%
[2016-03-01 17:11:10,760 #174 PROGRESS] **  classical  20%
[2016-03-01 17:12:01,891 #174 PROGRESS] **  classical  21%
[2016-03-01 17:12:38,994 #174 PROGRESS] **  classical  22%
[2016-03-01 17:13:29,717 #174 PROGRESS] **  classical  23%
[2016-03-01 17:13:52,610 #174 PROGRESS] **  classical  24%
[2016-03-01 17:14:35,992 #174 PROGRESS] **  classical  25%
[2016-03-01 17:15:26,704 #174 PROGRESS] **  classical  26%
[2016-03-01 17:16:06,402 #174 PROGRESS] **  classical  27%
[2016-03-01 17:17:00,929 #174 PROGRESS] **  classical  28%
[2016-03-01 17:17:27,042 #174 PROGRESS] **  classical  29%
[2016-03-01 17:18:10,446 #174 PROGRESS] **  classical  30%
[2016-03-01 17:19:02,923 #174 PROGRESS] **  classical  31%
[2016-03-01 17:19:39,371 #174 PROGRESS] **  classical  32%
[2016-03-01 17:20:36,320 #174 PROGRESS] **  classical  33%
[2016-03-01 17:21:16,808 #174 PROGRESS] **  classical  34%
[2016-03-01 17:21:27,648 #174 PROGRESS] **  classical  35%
[2016-03-01 17:22:26,124 #174 PROGRESS] **  classical  36%
[2016-03-01 17:22:56,518 #174 PROGRESS] **  classical  37%
[2016-03-01 17:23:53,219 #174 PROGRESS] **  classical  38%
[2016-03-01 17:24:31,754 #174 PROGRESS] **  classical  39%
[2016-03-01 17:24:35,208 #174 PROGRESS] **  classical  40%
[2016-03-01 17:25:34,706 #174 PROGRESS] **  classical  41%
[2016-03-01 17:26:18,116 #174 PROGRESS] **  classical  42%
[2016-03-01 17:27:12,383 #174 PROGRESS] **  classical  43%
[2016-03-01 17:27:51,199 #174 PROGRESS] **  classical  44%
[2016-03-01 17:27:53,339 #174 PROGRESS] **  classical  45%
[2016-03-01 17:29:05,266 #174 PROGRESS] **  classical  46%
[2016-03-01 17:29:44,540 #174 PROGRESS] **  classical  47%
[2016-03-01 17:30:39,209 #174 PROGRESS] **  classical  48%
[2016-03-01 17:31:17,028 #174 PROGRESS] **  classical  49%
[2016-03-01 17:31:18,992 #174 PROGRESS] **  classical  50%
[2016-03-01 17:32:28,615 #174 PROGRESS] **  classical  51%
[2016-03-01 17:33:04,877 #174 PROGRESS] **  classical  52%
[2016-03-01 17:34:01,202 #174 PROGRESS] **  classical  53%
[2016-03-01 17:34:36,440 #174 PROGRESS] **  classical  54%
[2016-03-01 17:35:34,941 #174 PROGRESS] **  classical  55%
[2016-03-01 17:35:47,697 #174 PROGRESS] **  classical  56%
[2016-03-01 17:36:32,589 #174 PROGRESS] **  classical  57%
[2016-03-01 17:37:18,809 #174 PROGRESS] **  classical  58%
[2016-03-01 17:38:04,026 #174 PROGRESS] **  classical  59%
[2016-03-01 17:39:02,833 #174 PROGRESS] **  classical  60%
[2016-03-01 17:39:15,441 #174 PROGRESS] **  classical  61%
[2016-03-01 17:40:00,291 #174 PROGRESS] **  classical  62%
[2016-03-01 17:40:59,494 #174 PROGRESS] **  classical  63%
[2016-03-01 17:41:32,004 #174 PROGRESS] **  classical  64%
[2016-03-01 17:42:31,077 #174 PROGRESS] **  classical  65%
[2016-03-01 17:42:43,071 #174 PROGRESS] **  classical  66%
[2016-03-01 17:43:28,466 #174 PROGRESS] **  classical  67%
[2016-03-01 17:44:19,186 #174 PROGRESS] **  classical  68%
[2016-03-01 17:44:47,702 #174 PROGRESS] **  classical  69%
[2016-03-01 17:45:44,891 #174 PROGRESS] **  classical  70%
[2016-03-01 17:46:24,759 #174 PROGRESS] **  classical  71%
[2016-03-01 17:46:41,032 #174 PROGRESS] **  classical  72%
[2016-03-01 17:47:31,217 #174 PROGRESS] **  classical  73%
[2016-03-01 17:48:01,357 #174 PROGRESS] **  classical  74%
[2016-03-01 17:48:58,740 #174 PROGRESS] **  classical  75%
[2016-03-01 17:49:39,408 #174 PROGRESS] **  classical  76%
[2016-03-01 17:49:53,002 #174 PROGRESS] **  classical  77%
[2016-03-01 17:50:43,263 #174 PROGRESS] **  classical  78%
[2016-03-01 17:51:25,404 #174 PROGRESS] **  classical  79%
[2016-03-01 17:52:19,878 #174 PROGRESS] **  classical  80%
[2016-03-01 17:53:05,290 #174 PROGRESS] **  classical  81%
[2016-03-01 17:53:12,182 #174 PROGRESS] **  classical  82%
[2016-03-01 17:54:06,572 #174 PROGRESS] **  classical  83%
[2016-03-01 17:54:52,453 #174 PROGRESS] **  classical  84%
[2016-03-01 17:55:42,557 #174 PROGRESS] **  classical  85%
[2016-03-01 17:56:28,282 #174 PROGRESS] **  classical  86%
[2016-03-01 17:56:35,457 #174 PROGRESS] **  classical  87%
[2016-03-01 17:57:29,061 #174 PROGRESS] **  classical  88%
[2016-03-01 17:58:14,331 #174 PROGRESS] **  classical  89%
[2016-03-01 17:59:04,689 #174 PROGRESS] **  classical  90%
[2016-03-01 17:59:50,001 #174 PROGRESS] **  classical  91%
[2016-03-01 18:00:52,338 #174 PROGRESS] **  classical  92%
[2016-03-01 18:01:00,204 #174 PROGRESS] **  classical  93%
[2016-03-01 18:01:45,150 #174 PROGRESS] **  classical  94%
[2016-03-01 18:02:36,176 #174 PROGRESS] **  classical  95%
[2016-03-01 18:03:21,202 #174 PROGRESS] **  classical  96%
[2016-03-01 18:04:25,650 #174 PROGRESS] **  classical  97%
[2016-03-01 18:04:32,736 #174 PROGRESS] **  classical  98%
[2016-03-01 18:05:06,986 #174 PROGRESS] **  classical  99%
[2016-03-01 18:05:34,098 #174 PROGRESS] **  classical 100%
[2016-03-01 18:05:34,118 #174 PROGRESS] **  Received 803.41 KB of data, maximum per task 4.96 KB
[2016-03-01 18:05:35,209 #174 INFO] exported hcurves: [u'./export/hazard_curve-mean_174-PGA.xml', u'./export/hazard_curve-mean_174-SA(0.2).xml', u'./export/hazard_curve-mean_174-SA(1.0).xml', u'./export/quantile_curve-0.1_174-PGA.xml', u'./export/quantile_curve-0.1_174-SA(0.2).xml', u'./export/quantile_curve-0.1_174-SA(1.0).xml', u'./export/quantile_curve-0.5_174-PGA.xml', u'./export/quantile_curve-0.5_174-SA(0.2).xml', u'./export/quantile_curve-0.5_174-SA(1.0).xml', u'./export/quantile_curve-0.9_174-PGA.xml', u'./export/quantile_curve-0.9_174-SA(0.2).xml', u'./export/quantile_curve-0.9_174-SA(1.0).xml']
[2016-03-01 18:05:35,523 #174 INFO] exported hmaps: [u'./export/hazard_map-mean-0.00040397-PGA_174.xml', u'./export/hazard_map-mean-0.00040397-SA(0.2)_174.xml', u'./export/hazard_map-mean-0.00040397-SA(1.0)_174.xml', u'./export/hazard_map-mean-0.002105-PGA_174.xml', u'./export/hazard_map-mean-0.002105-SA(0.2)_174.xml', u'./export/hazard_map-mean-0.002105-SA(1.0)_174.xml', u'./export/quantile_map-0.1-0.00040397-PGA_174.xml', u'./export/quantile_map-0.1-0.00040397-SA(0.2)_174.xml', u'./export/quantile_map-0.1-0.00040397-SA(1.0)_174.xml', u'./export/quantile_map-0.1-0.002105-PGA_174.xml', u'./export/quantile_map-0.1-0.002105-SA(0.2)_174.xml', u'./export/quantile_map-0.1-0.002105-SA(1.0)_174.xml', u'./export/quantile_map-0.5-0.00040397-PGA_174.xml', u'./export/quantile_map-0.5-0.00040397-SA(0.2)_174.xml', u'./export/quantile_map-0.5-0.00040397-SA(1.0)_174.xml', u'./export/quantile_map-0.5-0.002105-PGA_174.xml', u'./export/quantile_map-0.5-0.002105-SA(0.2)_174.xml', u'./export/quantile_map-0.5-0.002105-SA(1.0)_174.xml', u'./export/quantile_map-0.9-0.00040397-PGA_174.xml', u'./export/quantile_map-0.9-0.00040397-SA(0.2)_174.xml', u'./export/quantile_map-0.9-0.00040397-SA(1.0)_174.xml', u'./export/quantile_map-0.9-0.002105-PGA_174.xml', u'./export/quantile_map-0.9-0.002105-SA(0.2)_174.xml', u'./export/quantile_map-0.9-0.002105-SA(1.0)_174.xml']
