[2016-01-27 00:43:44,072 #125 INFO] Reading the site collection
[2016-01-27 00:43:44,084 #125 CRITICAL] 
Traceback (most recent call last):
  File "/home/nick/src/python/GEM/oq-risklib/openquake/calculators/base.py", line 128, in run
    self.pre_execute()
  File "/home/nick/src/python/GEM/oq-risklib/openquake/calculators/base.py", line 298, in pre_execute
    self.read_risk_data()
  File "/home/nick/src/python/GEM/oq-risklib/openquake/calculators/base.py", line 382, in read_risk_data
    haz_sitecol = readinput.get_site_collection(self.oqparam)
  File "/home/nick/src/python/GEM/oq-risklib/openquake/commonlib/readinput.py", line 266, in get_site_collection
    mesh = get_mesh(oqparam)
  File "/home/nick/src/python/GEM/oq-risklib/openquake/commonlib/readinput.py", line 192, in get_mesh
    csv_data = open(oqparam.inputs['sites'], 'U').read()
IOError: [Errno 2] No such file or directory: '/home/nick/Desktop/Individual Study/Jobs/smoothed_only/Nath_et_al_2012_Figure_5_Himalayan_lon_lat.csv'
[2016-01-27 00:43:44,109 #125 CRITICAL] Traceback (most recent call last):
  File "/home/nick/src/python/GEM/oq-engine/openquake/engine/engine.py", line 222, in run_calc
    _do_run_calc(calculator, exports, hazard_calculation_id)
  File "/home/nick/src/python/GEM/oq-engine/openquake/engine/engine.py", line 240, in _do_run_calc
    calc.run(exports=exports, hazard_calculation_id=hazard_calculation_id)
  File "/home/nick/src/python/GEM/oq-risklib/openquake/calculators/base.py", line 128, in run
    self.pre_execute()
  File "/home/nick/src/python/GEM/oq-risklib/openquake/calculators/base.py", line 298, in pre_execute
    self.read_risk_data()
  File "/home/nick/src/python/GEM/oq-risklib/openquake/calculators/base.py", line 382, in read_risk_data
    haz_sitecol = readinput.get_site_collection(self.oqparam)
  File "/home/nick/src/python/GEM/oq-risklib/openquake/commonlib/readinput.py", line 266, in get_site_collection
    mesh = get_mesh(oqparam)
  File "/home/nick/src/python/GEM/oq-risklib/openquake/commonlib/readinput.py", line 192, in get_mesh
    csv_data = open(oqparam.inputs['sites'], 'U').read()
IOError: [Errno 2] No such file or directory: '/home/nick/Desktop/Individual Study/Jobs/smoothed_only/Nath_et_al_2012_Figure_5_Himalayan_lon_lat.csv'

