[2016-03-12 15:11:58,414 #9587 INFO] Reading the site collection
[2016-03-12 15:11:58,622 #9587 INFO] Parsed 105 sources from /home/gweatherill/India_New/collapsed/areal_collapsed.xml
[2016-03-12 15:13:06,953 #9587 INFO] Read source model 1/3 with 245760 gsim realization(s)
[2016-03-12 15:13:12,536 #9587 INFO] Parsed 10000 sources from /home/gweatherill/India_New/collapsed/NT2012_smoothed_collapsed_mmin4.5.xml
[2016-03-12 15:13:18,197 #9587 INFO] Parsed 20000 sources from /home/gweatherill/India_New/collapsed/NT2012_smoothed_collapsed_mmin4.5.xml
[2016-03-12 15:13:23,839 #9587 INFO] Parsed 30000 sources from /home/gweatherill/India_New/collapsed/NT2012_smoothed_collapsed_mmin4.5.xml
[2016-03-12 15:13:29,280 #9587 INFO] Parsed 40000 sources from /home/gweatherill/India_New/collapsed/NT2012_smoothed_collapsed_mmin4.5.xml
[2016-03-12 15:13:34,771 #9587 INFO] Parsed 50000 sources from /home/gweatherill/India_New/collapsed/NT2012_smoothed_collapsed_mmin4.5.xml
[2016-03-12 15:13:40,308 #9587 INFO] Parsed 60000 sources from /home/gweatherill/India_New/collapsed/NT2012_smoothed_collapsed_mmin4.5.xml
[2016-03-12 15:13:45,943 #9587 INFO] Parsed 70000 sources from /home/gweatherill/India_New/collapsed/NT2012_smoothed_collapsed_mmin4.5.xml
[2016-03-12 15:13:51,680 #9587 INFO] Parsed 80000 sources from /home/gweatherill/India_New/collapsed/NT2012_smoothed_collapsed_mmin4.5.xml
[2016-03-12 15:13:56,705 #9587 INFO] Parsed 90000 sources from /home/gweatherill/India_New/collapsed/NT2012_smoothed_collapsed_mmin4.5.xml
[2016-03-12 15:14:02,372 #9587 INFO] Parsed 100000 sources from /home/gweatherill/India_New/collapsed/NT2012_smoothed_collapsed_mmin4.5.xml
[2016-03-12 15:14:07,372 #9587 INFO] Parsed 110000 sources from /home/gweatherill/India_New/collapsed/NT2012_smoothed_collapsed_mmin4.5.xml
[2016-03-12 15:14:13,153 #9587 INFO] Parsed 120000 sources from /home/gweatherill/India_New/collapsed/NT2012_smoothed_collapsed_mmin4.5.xml
[2016-03-12 15:14:18,170 #9587 INFO] Parsed 130000 sources from /home/gweatherill/India_New/collapsed/NT2012_smoothed_collapsed_mmin4.5.xml
[2016-03-12 15:14:24,106 #9587 INFO] Parsed 140000 sources from /home/gweatherill/India_New/collapsed/NT2012_smoothed_collapsed_mmin4.5.xml
[2016-03-12 15:14:29,143 #9587 INFO] Parsed 150000 sources from /home/gweatherill/India_New/collapsed/NT2012_smoothed_collapsed_mmin4.5.xml
[2016-03-12 15:14:34,201 #9587 INFO] Parsed 160000 sources from /home/gweatherill/India_New/collapsed/NT2012_smoothed_collapsed_mmin4.5.xml
[2016-03-12 15:14:40,362 #9587 INFO] Parsed 170000 sources from /home/gweatherill/India_New/collapsed/NT2012_smoothed_collapsed_mmin4.5.xml
[2016-03-12 15:14:45,649 #9587 INFO] Parsed 180000 sources from /home/gweatherill/India_New/collapsed/NT2012_smoothed_collapsed_mmin4.5.xml
[2016-03-12 15:14:50,788 #9587 INFO] Parsed 190000 sources from /home/gweatherill/India_New/collapsed/NT2012_smoothed_collapsed_mmin4.5.xml
[2016-03-12 15:14:57,412 #9587 INFO] Parsed 200000 sources from /home/gweatherill/India_New/collapsed/NT2012_smoothed_collapsed_mmin4.5.xml
[2016-03-12 15:15:02,614 #9587 INFO] Parsed 210000 sources from /home/gweatherill/India_New/collapsed/NT2012_smoothed_collapsed_mmin4.5.xml
[2016-03-12 15:15:07,658 #9587 INFO] Parsed 220000 sources from /home/gweatherill/India_New/collapsed/NT2012_smoothed_collapsed_mmin4.5.xml
[2016-03-12 15:15:12,705 #9587 INFO] Parsed 230000 sources from /home/gweatherill/India_New/collapsed/NT2012_smoothed_collapsed_mmin4.5.xml
[2016-03-12 15:15:13,283 #9587 INFO] Parsed 231125 sources from /home/gweatherill/India_New/collapsed/NT2012_smoothed_collapsed_mmin4.5.xml
[2016-03-12 15:16:28,287 #9587 INFO] Read source model 2/3 with 245760 gsim realization(s)
[2016-03-12 15:16:33,473 #9587 INFO] Parsed 10000 sources from /home/gweatherill/India_New/collapsed/NT2012_smoothed_collapsed_mmin5.5.xml
[2016-03-12 15:16:38,428 #9587 INFO] Parsed 20000 sources from /home/gweatherill/India_New/collapsed/NT2012_smoothed_collapsed_mmin5.5.xml
[2016-03-12 15:16:43,402 #9587 INFO] Parsed 30000 sources from /home/gweatherill/India_New/collapsed/NT2012_smoothed_collapsed_mmin5.5.xml
[2016-03-12 15:16:48,349 #9587 INFO] Parsed 40000 sources from /home/gweatherill/India_New/collapsed/NT2012_smoothed_collapsed_mmin5.5.xml
[2016-03-12 15:16:53,276 #9587 INFO] Parsed 50000 sources from /home/gweatherill/India_New/collapsed/NT2012_smoothed_collapsed_mmin5.5.xml
[2016-03-12 15:16:58,234 #9587 INFO] Parsed 60000 sources from /home/gweatherill/India_New/collapsed/NT2012_smoothed_collapsed_mmin5.5.xml
[2016-03-12 15:17:03,262 #9587 INFO] Parsed 70000 sources from /home/gweatherill/India_New/collapsed/NT2012_smoothed_collapsed_mmin5.5.xml
[2016-03-12 15:17:12,368 #9587 INFO] Parsed 80000 sources from /home/gweatherill/India_New/collapsed/NT2012_smoothed_collapsed_mmin5.5.xml
[2016-03-12 15:17:17,350 #9587 INFO] Parsed 90000 sources from /home/gweatherill/India_New/collapsed/NT2012_smoothed_collapsed_mmin5.5.xml
[2016-03-12 15:17:22,349 #9587 INFO] Parsed 100000 sources from /home/gweatherill/India_New/collapsed/NT2012_smoothed_collapsed_mmin5.5.xml
[2016-03-12 15:17:29,003 #9587 INFO] Parsed 110000 sources from /home/gweatherill/India_New/collapsed/NT2012_smoothed_collapsed_mmin5.5.xml
[2016-03-12 15:17:38,492 #9587 INFO] Parsed 120000 sources from /home/gweatherill/India_New/collapsed/NT2012_smoothed_collapsed_mmin5.5.xml
[2016-03-12 15:17:47,379 #9587 INFO] Parsed 130000 sources from /home/gweatherill/India_New/collapsed/NT2012_smoothed_collapsed_mmin5.5.xml
[2016-03-12 15:17:52,359 #9587 INFO] Parsed 140000 sources from /home/gweatherill/India_New/collapsed/NT2012_smoothed_collapsed_mmin5.5.xml
[2016-03-12 15:17:57,288 #9587 INFO] Parsed 150000 sources from /home/gweatherill/India_New/collapsed/NT2012_smoothed_collapsed_mmin5.5.xml
[2016-03-12 15:18:02,255 #9587 INFO] Parsed 160000 sources from /home/gweatherill/India_New/collapsed/NT2012_smoothed_collapsed_mmin5.5.xml
[2016-03-12 15:18:12,098 #9587 INFO] Parsed 170000 sources from /home/gweatherill/India_New/collapsed/NT2012_smoothed_collapsed_mmin5.5.xml
[2016-03-12 15:18:16,553 #9587 INFO] Parsed 178927 sources from /home/gweatherill/India_New/collapsed/NT2012_smoothed_collapsed_mmin5.5.xml
[2016-03-12 15:19:10,720 #9587 INFO] Read source model 3/3 with 245760 gsim realization(s)
[2016-03-12 15:19:48,217 #9587 WARNING] The string "'Intraplate Margin Upper': -1,'Intraplate Margin Lower': -1,'Subduction Intraslab': -1,'Subduction Intraslab Himalayas': -1,'Active Shallow Crust Normal': -1,'Active Shallow Crust Strike-slip Reverse': -1,'Stable Shallow Crust': -1,'Subduction Interface Megathrust': -1,'Subduction Interface': -1" is over 254 characters: `csm_info.eff_ruptures` will be corrupted
[2016-03-12 15:20:25,582 #9587 WARNING] The string "'Intraplate Margin Upper': -1,'Intraplate Margin Lower': -1,'Active Shallow Crust Strike-slip Reverse': -1,'Active Shallow Crust Normal': -1,'Subduction Intraslab': -1,'Subduction Intraslab Himalayas': -1,'Subduction Interface Megathrust': -1,'Subduction Interface': -1,'Stable Shallow Crust': -1" is over 254 characters: `csm_info.eff_ruptures` will be corrupted
[2016-03-12 15:21:11,080 #9587 WARNING] The string "'Intraplate Margin Upper': -1,'Intraplate Margin Lower': -1,'Subduction Intraslab': -1,'Active Shallow Crust Normal': -1,'Active Shallow Crust Strike-slip Reverse': -1,'Subduction Intraslab Himalayas': -1,'Stable Shallow Crust': -1,'Subduction Interface Megathrust': -1,'Subduction Interface': -1" is over 254 characters: `csm_info.eff_ruptures` will be corrupted
[2016-03-12 15:22:25,796 #9587 INFO] Expected output size=[  7.56449280e+08]
[2016-03-12 15:22:25,798 #9587 INFO] Total weight of the sources=[ 406079.15000008]
[2016-03-12 15:22:25,801 #9587 WARNING] The string "'Intraplate Margin Upper': -1,'Intraplate Margin Lower': -1,'Subduction Intraslab': -1,'Subduction Intraslab Himalayas': -1,'Active Shallow Crust Normal': -1,'Active Shallow Crust Strike-slip Reverse': -1,'Stable Shallow Crust': -1,'Subduction Interface Megathrust': -1,'Subduction Interface': -1" is over 254 characters: `csm_info.eff_ruptures` will be corrupted
[2016-03-12 15:23:07,351 #9587 WARNING] The string "'Intraplate Margin Upper': -1,'Intraplate Margin Lower': -1,'Active Shallow Crust Strike-slip Reverse': -1,'Active Shallow Crust Normal': -1,'Subduction Intraslab': -1,'Subduction Intraslab Himalayas': -1,'Subduction Interface Megathrust': -1,'Subduction Interface': -1,'Stable Shallow Crust': -1" is over 254 characters: `csm_info.eff_ruptures` will be corrupted
[2016-03-12 15:23:49,861 #9587 WARNING] The string "'Intraplate Margin Upper': -1,'Intraplate Margin Lower': -1,'Subduction Intraslab': -1,'Active Shallow Crust Normal': -1,'Active Shallow Crust Strike-slip Reverse': -1,'Subduction Intraslab Himalayas': -1,'Stable Shallow Crust': -1,'Subduction Interface Megathrust': -1,'Subduction Interface': -1" is over 254 characters: `csm_info.eff_ruptures` will be corrupted
[2016-03-12 15:24:33,731 #9587 INFO] Instantiated SourceManager with maxweight=794.0
[2016-03-12 16:56:00,482 #9587 INFO] Sent 148881 sources in 142 block(s)
[2016-03-12 16:56:00,812 #9587 INFO] splitting <AreaSource z163> of weight 1307.9
[2016-03-12 16:56:01,242 #9587 INFO] splitting <AreaSource z166> of weight 1944.15
[2016-03-12 16:56:01,718 #9587 INFO] splitting <AreaSource z172> of weight 6127.5
[2016-03-12 16:56:03,946 #9587 INFO] splitting <AreaSource z169> of weight 836.0
[2016-03-12 16:56:04,131 #9587 INFO] splitting <AreaSource z935> of weight 2793.75
[2016-03-12 16:56:05,208 #9587 INFO] splitting <AreaSource z936> of weight 5536.2
[2016-03-12 16:56:09,282 #9587 INFO] splitting <AreaSource z57> of weight 852.5
[2016-03-12 16:56:09,576 #9587 INFO] splitting <AreaSource z902> of weight 2628.85
[2016-03-12 16:56:10,895 #9587 INFO] splitting <AreaSource z903> of weight 1866.875
[2016-03-12 16:56:11,674 #9587 INFO] splitting <AreaSource z907> of weight 1797.3
[2016-03-12 16:56:12,164 #9587 INFO] splitting <AreaSource z12> of weight 1217.25
[2016-03-12 16:56:12,517 #9587 INFO] splitting <AreaSource z58> of weight 2763.825
[2016-03-12 16:56:13,562 #9587 INFO] splitting <AreaSource z8> of weight 1829.625
[2016-03-12 16:56:14,269 #9587 INFO] splitting <AreaSource z901> of weight 1412.25
[2016-03-12 16:56:14,981 #9587 INFO] splitting <AreaSource z906> of weight 1434.4
[2016-03-12 16:56:15,400 #9587 INFO] splitting <AreaSource z908> of weight 1485.0
[2016-03-12 16:56:15,902 #9587 INFO] splitting <AreaSource z913> of weight 1833.0
[2016-03-12 16:56:16,466 #9587 INFO] splitting <AreaSource z914> of weight 3209.85
[2016-03-12 16:56:17,370 #9587 INFO] splitting <AreaSource z63> of weight 1343.775
[2016-03-12 16:56:17,613 #9587 INFO] splitting <AreaSource z66> of weight 973.7
[2016-03-12 16:56:17,863 #9587 INFO] splitting <AreaSource z74> of weight 1086.175
[2016-03-12 16:56:18,419 #9587 INFO] splitting <AreaSource z917> of weight 10703.9
[2016-03-12 16:56:22,484 #9587 INFO] splitting <AreaSource z919> of weight 8455.5
[2016-03-12 16:56:27,150 #9587 INFO] splitting <AreaSource z921> of weight 3714.9
[2016-03-12 16:56:28,550 #9587 INFO] splitting <AreaSource z922> of weight 808.5
[2016-03-12 16:56:28,864 #9587 INFO] splitting <AreaSource z923> of weight 2049.75
[2016-03-12 16:56:30,314 #9587 INFO] splitting <AreaSource z924> of weight 1719.0
[2016-03-12 16:56:31,380 #9587 INFO] splitting <AreaSource z932> of weight 6720.025
[2016-03-12 16:56:35,831 #9587 INFO] splitting <AreaSource z933> of weight 21324.55
[2016-03-12 16:56:44,249 #9587 INFO] splitting <AreaSource z132m> of weight 798.0
[2016-03-12 16:56:44,825 #9587 INFO] splitting <AreaSource z14m> of weight 838.125
[2016-03-12 16:56:45,371 #9587 INFO] splitting <AreaSource z918m> of weight 1056.0
[2016-03-12 16:56:46,472 #9587 INFO] splitting <AreaSource z94m> of weight 905.7
[2016-03-12 16:56:47,389 #9587 INFO] splitting <AreaSource z103> of weight 2114.975
[2016-03-12 16:56:48,698 #9587 INFO] splitting <AreaSource z136> of weight 998.75
[2016-03-12 16:56:49,050 #9587 INFO] splitting <AreaSource z17> of weight 962.075
[2016-03-12 16:56:49,457 #9587 INFO] splitting <AreaSource z21> of weight 1001.25
[2016-03-12 16:56:49,962 #9587 INFO] splitting <AreaSource z910> of weight 1356.975
[2016-03-12 16:56:50,676 #9587 INFO] splitting <AreaSource z927> of weight 1157.825
[2016-03-12 16:56:51,431 #9587 INFO] splitting <AreaSource z97> of weight 1317.5
[2016-03-12 16:56:52,007 #9587 INFO] splitting <AreaSource z99> of weight 832.5
[2016-03-12 18:25:28,093 #9587 INFO] Sent 157411 sources in 147 block(s)
[2016-03-12 18:25:28,597 #9587 PROGRESS] **  Sent 77.03 GB of data in 289 task(s)
[2016-03-12 18:25:28,914 #9587 PROGRESS] **  classical   1%
[2016-03-12 18:25:28,926 #9587 PROGRESS] **  classical   2%
[2016-03-12 18:25:28,941 #9587 PROGRESS] **  classical   3%
[2016-03-12 18:25:28,953 #9587 PROGRESS] **  classical   4%
[2016-03-12 18:25:28,963 #9587 PROGRESS] **  classical   5%
[2016-03-12 18:25:28,977 #9587 PROGRESS] **  classical   6%
[2016-03-12 18:25:28,991 #9587 PROGRESS] **  classical   7%
[2016-03-12 18:25:29,007 #9587 PROGRESS] **  classical   8%
[2016-03-12 18:25:29,020 #9587 PROGRESS] **  classical   9%
[2016-03-12 18:25:29,030 #9587 PROGRESS] **  classical  10%
[2016-03-12 18:25:29,041 #9587 PROGRESS] **  classical  11%
[2016-03-12 18:25:29,053 #9587 PROGRESS] **  classical  12%
[2016-03-12 18:25:29,065 #9587 PROGRESS] **  classical  13%
[2016-03-12 18:25:29,079 #9587 PROGRESS] **  classical  14%
[2016-03-12 18:25:29,091 #9587 PROGRESS] **  classical  15%
[2016-03-12 18:25:29,105 #9587 PROGRESS] **  classical  16%
[2016-03-12 18:25:29,117 #9587 PROGRESS] **  classical  17%
[2016-03-12 18:25:29,130 #9587 PROGRESS] **  classical  18%
[2016-03-12 18:25:29,139 #9587 PROGRESS] **  classical  19%
[2016-03-12 18:25:29,153 #9587 PROGRESS] **  classical  20%
[2016-03-12 18:25:29,168 #9587 PROGRESS] **  classical  21%
[2016-03-12 18:25:29,180 #9587 PROGRESS] **  classical  22%
[2016-03-12 18:25:29,193 #9587 PROGRESS] **  classical  23%
[2016-03-12 18:25:29,205 #9587 PROGRESS] **  classical  24%
[2016-03-12 18:25:29,218 #9587 PROGRESS] **  classical  25%
[2016-03-12 18:25:29,231 #9587 PROGRESS] **  classical  26%
[2016-03-12 18:25:29,244 #9587 PROGRESS] **  classical  27%
[2016-03-12 18:25:29,253 #9587 PROGRESS] **  classical  28%
[2016-03-12 18:25:29,265 #9587 PROGRESS] **  classical  29%
[2016-03-12 18:25:29,277 #9587 PROGRESS] **  classical  30%
[2016-03-12 18:25:29,289 #9587 PROGRESS] **  classical  31%
[2016-03-12 18:25:29,302 #9587 PROGRESS] **  classical  32%
[2016-03-12 18:25:29,312 #9587 PROGRESS] **  classical  33%
[2016-03-12 18:25:29,325 #9587 PROGRESS] **  classical  34%
[2016-03-12 18:25:29,337 #9587 PROGRESS] **  classical  35%
[2016-03-12 18:25:29,352 #9587 PROGRESS] **  classical  36%
[2016-03-12 18:25:29,362 #9587 PROGRESS] **  classical  37%
[2016-03-12 18:25:29,377 #9587 PROGRESS] **  classical  38%
[2016-03-12 18:25:29,389 #9587 PROGRESS] **  classical  39%
[2016-03-12 18:25:29,399 #9587 PROGRESS] **  classical  40%
[2016-03-12 18:25:29,416 #9587 PROGRESS] **  classical  41%
[2016-03-12 18:25:29,431 #9587 PROGRESS] **  classical  42%
[2016-03-12 18:25:29,444 #9587 PROGRESS] **  classical  43%
[2016-03-12 18:25:29,457 #9587 PROGRESS] **  classical  44%
[2016-03-12 18:25:29,468 #9587 PROGRESS] **  classical  45%
[2016-03-12 18:25:29,474 #9587 PROGRESS] **  classical  46%
[2016-03-12 18:25:29,488 #9587 PROGRESS] **  classical  47%
[2016-03-12 18:25:29,500 #9587 PROGRESS] **  classical  48%
[2016-03-12 18:25:29,514 #9587 PROGRESS] **  classical  49%
[2016-03-12 18:25:29,524 #9587 PROGRESS] **  classical  50%
[2016-03-12 18:25:29,536 #9587 PROGRESS] **  classical  51%
[2016-03-12 18:25:29,550 #9587 PROGRESS] **  classical  52%
[2016-03-12 18:25:29,563 #9587 PROGRESS] **  classical  53%
[2016-03-12 18:25:29,576 #9587 PROGRESS] **  classical  54%
[2016-03-12 18:25:29,586 #9587 PROGRESS] **  classical  55%
[2016-03-12 18:25:29,598 #9587 PROGRESS] **  classical  56%
[2016-03-12 18:25:29,612 #9587 PROGRESS] **  classical  57%
[2016-03-12 18:25:29,624 #9587 PROGRESS] **  classical  58%
[2016-03-12 18:25:29,638 #9587 PROGRESS] **  classical  59%
[2016-03-12 18:25:29,649 #9587 PROGRESS] **  classical  60%
[2016-03-12 18:25:29,661 #9587 PROGRESS] **  classical  61%
[2016-03-12 18:25:29,673 #9587 PROGRESS] **  classical  62%
[2016-03-12 18:25:29,686 #9587 PROGRESS] **  classical  63%
[2016-03-12 18:25:29,696 #9587 PROGRESS] **  classical  64%
[2016-03-12 18:25:29,710 #9587 PROGRESS] **  classical  65%
[2016-03-12 18:25:29,723 #9587 PROGRESS] **  classical  66%
[2016-03-12 18:25:29,737 #9587 PROGRESS] **  classical  67%
[2016-03-12 18:25:29,751 #9587 PROGRESS] **  classical  68%
[2016-03-12 18:25:29,763 #9587 PROGRESS] **  classical  69%
[2016-03-12 18:25:29,777 #9587 PROGRESS] **  classical  70%
[2016-03-12 18:25:29,790 #9587 PROGRESS] **  classical  71%
[2016-03-12 18:25:29,803 #9587 PROGRESS] **  classical  72%
[2016-03-12 18:25:29,812 #9587 PROGRESS] **  classical  73%
[2016-03-12 18:25:29,824 #9587 PROGRESS] **  classical  74%
[2016-03-12 18:25:29,838 #9587 PROGRESS] **  classical  75%
[2016-03-12 18:25:29,852 #9587 PROGRESS] **  classical  76%
[2016-03-12 18:25:29,867 #9587 PROGRESS] **  classical  77%
[2016-03-12 18:25:29,878 #9587 PROGRESS] **  classical  78%
[2016-03-12 18:25:29,892 #9587 PROGRESS] **  classical  79%
[2016-03-12 18:25:29,904 #9587 PROGRESS] **  classical  80%
[2016-03-12 18:25:29,917 #9587 PROGRESS] **  classical  81%
[2016-03-12 18:25:29,925 #9587 PROGRESS] **  classical  82%
[2016-03-12 18:25:29,936 #9587 PROGRESS] **  classical  83%
[2016-03-12 18:25:29,948 #9587 PROGRESS] **  classical  84%
[2016-03-12 18:25:29,960 #9587 PROGRESS] **  classical  85%
[2016-03-12 18:25:29,974 #9587 PROGRESS] **  classical  86%
[2016-03-12 18:25:29,987 #9587 PROGRESS] **  classical  87%
[2016-03-12 18:25:30,001 #9587 PROGRESS] **  classical  88%
[2016-03-12 18:25:30,015 #9587 PROGRESS] **  classical  89%
[2016-03-12 18:25:30,028 #9587 PROGRESS] **  classical  90%
[2016-03-12 18:25:30,037 #9587 PROGRESS] **  classical  91%
[2016-03-12 18:25:30,051 #9587 PROGRESS] **  classical  92%
[2016-03-12 18:25:30,066 #9587 PROGRESS] **  classical  93%
[2016-03-12 18:25:30,078 #9587 PROGRESS] **  classical  94%
[2016-03-12 18:25:30,091 #9587 PROGRESS] **  classical  95%
[2016-03-12 18:25:30,104 #9587 PROGRESS] **  classical  96%
[2016-03-12 18:25:30,117 #9587 PROGRESS] **  classical  97%
[2016-03-12 18:25:30,131 #9587 PROGRESS] **  classical  98%
[2016-03-12 18:26:03,101 #9587 PROGRESS] **  classical  99%
[2016-03-12 18:28:26,214 #9587 PROGRESS] **  classical 100%
[2016-03-12 18:28:26,720 #9587 PROGRESS] **  Received 14.21 MB of data, maximum per task 96.48 KB
[2016-03-12 18:29:00,990 #9587 WARNING] The string "'Intraplate Margin Upper': 22040,'Intraplate Margin Lower': 25769,'Subduction Intraslab': 131603,'Subduction Intraslab Himalayas': 83957,'Active Shallow Crust Normal': 19480,'Active Shallow Crust Strike-slip Reverse': 94497,'Stable Shallow Crust': 740854,'Subduction Interface Megathrust': 125280,'Subduction Interface': 151011" is over 254 characters: `csm_info.eff_ruptures` will be corrupted
[2016-03-12 18:29:45,874 #9587 WARNING] The string "'Intraplate Margin Upper': 20729,'Intraplate Margin Lower': 23348,'Active Shallow Crust Strike-slip Reverse': 88454,'Active Shallow Crust Normal': 17516,'Subduction Intraslab': 152381,'Subduction Intraslab Himalayas': 97454,'Subduction Interface Megathrust': 124216,'Subduction Interface': 127511,'Stable Shallow Crust': 518952" is over 254 characters: `csm_info.eff_ruptures` will be corrupted
[2016-03-12 18:30:32,076 #9587 WARNING] The string "'Intraplate Margin Upper': 15189,'Intraplate Margin Lower': 17091,'Subduction Intraslab': 71180,'Active Shallow Crust Normal': 12552,'Active Shallow Crust Strike-slip Reverse': 73661,'Subduction Intraslab Himalayas': 34482,'Stable Shallow Crust': 177368,'Subduction Interface Megathrust': 122948,'Subduction Interface': 102244" is over 254 characters: `csm_info.eff_ruptures` will be corrupted
[2016-03-12 18:42:36,590 #9587 INFO] exported hcurves: [u'./results/hazard_curve-mean_9587-PGA.xml', u'./results/hazard_curve-mean_9587-SA(0.2).xml', u'./results/hazard_curve-mean_9587-SA(1.0).xml']
[2016-03-12 18:43:00,764 #9587 INFO] exported hmaps: [u'./results/hazard_map-mean-0.00040397-PGA_9587.xml', u'./results/hazard_map-mean-0.00040397-SA(0.2)_9587.xml', u'./results/hazard_map-mean-0.00040397-SA(1.0)_9587.xml', u'./results/hazard_map-mean-0.002105-PGA_9587.xml', u'./results/hazard_map-mean-0.002105-SA(0.2)_9587.xml', u'./results/hazard_map-mean-0.002105-SA(1.0)_9587.xml']
